{"D:\\work\\node\\tests\\node_modules\\bitvice-osi\\index.js":{"path":"D:\\work\\node\\tests\\node_modules\\bitvice-osi\\index.js","s":{"1":1,"2":1,"3":1,"4":1,"5":1,"6":1,"7":1},"b":{},"f":{},"fnMap":{},"statementMap":{"1":{"start":{"line":1,"column":0},"end":{"line":1,"column":49}},"2":{"start":{"line":2,"column":0},"end":{"line":2,"column":49}},"3":{"start":{"line":3,"column":0},"end":{"line":3,"column":49}},"4":{"start":{"line":5,"column":0},"end":{"line":5,"column":25}},"5":{"start":{"line":7,"column":0},"end":{"line":7,"column":32}},"6":{"start":{"line":8,"column":0},"end":{"line":8,"column":32}},"7":{"start":{"line":9,"column":0},"end":{"line":9,"column":32}}},"branchMap":{}},"D:\\work\\node\\tests\\node_modules\\bitvice-osi\\lib\\service-consumer.js":{"path":"D:\\work\\node\\tests\\node_modules\\bitvice-osi\\lib\\service-consumer.js","s":{"1":1,"2":1,"3":1,"4":1,"5":1,"6":1,"7":1,"8":1,"9":1,"10":1,"11":1,"12":1,"13":0,"14":1,"15":1,"16":2,"17":1,"18":0,"19":1,"20":0,"21":1,"22":0,"23":0,"24":0,"25":0,"26":0,"27":1,"28":0},"b":{"1":[0,1],"2":[1,1],"3":[1,0],"4":[0,0]},"f":{"1":1,"2":1,"3":2,"4":0,"5":0,"6":0,"7":0},"fnMap":{"1":{"name":"ServiceConsumer","line":5,"loc":{"start":{"line":5,"column":0},"end":{"line":5,"column":28}}},"2":{"name":"(anonymous_2)","line":14,"loc":{"start":{"line":14,"column":23},"end":{"line":14,"column":35}}},"3":{"name":"(anonymous_3)","line":24,"loc":{"start":{"line":24,"column":31},"end":{"line":24,"column":54}}},"4":{"name":"(anonymous_4)","line":30,"loc":{"start":{"line":30,"column":33},"end":{"line":30,"column":45}}},"5":{"name":"(anonymous_5)","line":34,"loc":{"start":{"line":34,"column":36},"end":{"line":34,"column":59}}},"6":{"name":"(anonymous_6)","line":38,"loc":{"start":{"line":38,"column":42},"end":{"line":38,"column":61}}},"7":{"name":"(anonymous_7)","line":49,"loc":{"start":{"line":49,"column":42},"end":{"line":49,"column":54}}}},"statementMap":{"1":{"start":{"line":1,"column":0},"end":{"line":1,"column":26}},"2":{"start":{"line":2,"column":0},"end":{"line":2,"column":57}},"3":{"start":{"line":3,"column":0},"end":{"line":3,"column":52}},"4":{"start":{"line":5,"column":0},"end":{"line":7,"column":1}},"5":{"start":{"line":6,"column":4},"end":{"line":6,"column":36}},"6":{"start":{"line":9,"column":0},"end":{"line":9,"column":33}},"7":{"start":{"line":11,"column":0},"end":{"line":11,"column":48}},"8":{"start":{"line":12,"column":0},"end":{"line":12,"column":54}},"9":{"start":{"line":14,"column":0},"end":{"line":28,"column":2}},"10":{"start":{"line":15,"column":4},"end":{"line":15,"column":20}},"11":{"start":{"line":17,"column":4},"end":{"line":17,"column":30}},"12":{"start":{"line":19,"column":4},"end":{"line":21,"column":5}},"13":{"start":{"line":20,"column":8},"end":{"line":20,"column":28}},"14":{"start":{"line":23,"column":4},"end":{"line":27,"column":5}},"15":{"start":{"line":24,"column":8},"end":{"line":26,"column":11}},"16":{"start":{"line":25,"column":12},"end":{"line":25,"column":62}},"17":{"start":{"line":30,"column":0},"end":{"line":32,"column":2}},"18":{"start":{"line":31,"column":4},"end":{"line":31,"column":26}},"19":{"start":{"line":34,"column":0},"end":{"line":36,"column":2}},"20":{"start":{"line":35,"column":4},"end":{"line":35,"column":48}},"21":{"start":{"line":38,"column":0},"end":{"line":47,"column":2}},"22":{"start":{"line":39,"column":4},"end":{"line":39,"column":56}},"23":{"start":{"line":40,"column":4},"end":{"line":40,"column":51}},"24":{"start":{"line":42,"column":4},"end":{"line":42,"column":79}},"25":{"start":{"line":44,"column":4},"end":{"line":46,"column":5}},"26":{"start":{"line":45,"column":8},"end":{"line":45,"column":38}},"27":{"start":{"line":49,"column":0},"end":{"line":51,"column":2}},"28":{"start":{"line":50,"column":4},"end":{"line":50,"column":62}}},"branchMap":{"1":{"line":19,"type":"if","locations":[{"start":{"line":19,"column":4},"end":{"line":19,"column":4}},{"start":{"line":19,"column":4},"end":{"line":19,"column":4}}]},"2":{"line":19,"type":"binary-expr","locations":[{"start":{"line":19,"column":8},"end":{"line":19,"column":37}},{"start":{"line":19,"column":41},"end":{"line":19,"column":97}}]},"3":{"line":23,"type":"if","locations":[{"start":{"line":23,"column":4},"end":{"line":23,"column":4}},{"start":{"line":23,"column":4},"end":{"line":23,"column":4}}]},"4":{"line":44,"type":"if","locations":[{"start":{"line":44,"column":4},"end":{"line":44,"column":4}},{"start":{"line":44,"column":4},"end":{"line":44,"column":4}}]}}},"D:\\work\\node\\tests\\node_modules\\bitvice-osi\\lib\\service-provider.js":{"path":"D:\\work\\node\\tests\\node_modules\\bitvice-osi\\lib\\service-provider.js","s":{"1":1,"2":1,"3":1,"4":1,"5":1,"6":1,"7":2,"8":0,"9":0,"10":2,"11":2,"12":2,"13":1,"14":2,"15":2,"16":2,"17":2,"18":2,"19":0,"20":0,"21":1,"22":0},"b":{"1":[0,2],"2":[2,0],"3":[0,2]},"f":{"1":2,"2":2,"3":0,"4":0},"fnMap":{"1":{"name":"(anonymous_1)","line":9,"loc":{"start":{"line":9,"column":25},"end":{"line":9,"column":46}}},"2":{"name":"(anonymous_2)","line":22,"loc":{"start":{"line":22,"column":26},"end":{"line":22,"column":63}}},"3":{"name":"(anonymous_3)","line":31,"loc":{"start":{"line":31,"column":42},"end":{"line":31,"column":62}}},"4":{"name":"(anonymous_4)","line":37,"loc":{"start":{"line":37,"column":18},"end":{"line":37,"column":41}}}},"statementMap":{"1":{"start":{"line":1,"column":0},"end":{"line":1,"column":26}},"2":{"start":{"line":2,"column":0},"end":{"line":2,"column":57}},"3":{"start":{"line":4,"column":0},"end":{"line":4,"column":29}},"4":{"start":{"line":6,"column":0},"end":{"line":6,"column":23}},"5":{"start":{"line":7,"column":0},"end":{"line":7,"column":22}},"6":{"start":{"line":9,"column":0},"end":{"line":20,"column":2}},"7":{"start":{"line":10,"column":4},"end":{"line":13,"column":5}},"8":{"start":{"line":11,"column":8},"end":{"line":11,"column":47}},"9":{"start":{"line":12,"column":8},"end":{"line":12,"column":15}},"10":{"start":{"line":15,"column":4},"end":{"line":17,"column":5}},"11":{"start":{"line":16,"column":8},"end":{"line":16,"column":32}},"12":{"start":{"line":19,"column":4},"end":{"line":19,"column":33}},"13":{"start":{"line":22,"column":0},"end":{"line":35,"column":2}},"14":{"start":{"line":23,"column":4},"end":{"line":23,"column":54}},"15":{"start":{"line":25,"column":4},"end":{"line":25,"column":45}},"16":{"start":{"line":26,"column":4},"end":{"line":26,"column":41}},"17":{"start":{"line":28,"column":4},"end":{"line":28,"column":49}},"18":{"start":{"line":30,"column":4},"end":{"line":34,"column":5}},"19":{"start":{"line":31,"column":8},"end":{"line":33,"column":11}},"20":{"start":{"line":32,"column":12},"end":{"line":32,"column":52}},"21":{"start":{"line":37,"column":0},"end":{"line":39,"column":2}},"22":{"start":{"line":38,"column":4},"end":{"line":38,"column":38}}},"branchMap":{"1":{"line":10,"type":"if","locations":[{"start":{"line":10,"column":4},"end":{"line":10,"column":4}},{"start":{"line":10,"column":4},"end":{"line":10,"column":4}}]},"2":{"line":15,"type":"if","locations":[{"start":{"line":15,"column":4},"end":{"line":15,"column":4}},{"start":{"line":15,"column":4},"end":{"line":15,"column":4}}]},"3":{"line":30,"type":"if","locations":[{"start":{"line":30,"column":4},"end":{"line":30,"column":4}},{"start":{"line":30,"column":4},"end":{"line":30,"column":4}}]}}},"D:\\work\\node\\tests\\node_modules\\bitvice-osi\\lib\\service-base.js":{"path":"D:\\work\\node\\tests\\node_modules\\bitvice-osi\\lib\\service-base.js","s":{"1":1,"2":1,"3":1,"4":1,"5":2,"6":1,"7":1,"8":1,"9":2,"10":2,"11":2,"12":2,"13":1,"14":2,"15":1,"16":0,"17":1,"18":0},"b":{"1":[2,0],"2":[2,0]},"f":{"1":2,"2":2,"3":2,"4":0,"5":0},"fnMap":{"1":{"name":"Service","line":5,"loc":{"start":{"line":5,"column":0},"end":{"line":5,"column":20}}},"2":{"name":"(anonymous_2)","line":13,"loc":{"start":{"line":13,"column":15},"end":{"line":13,"column":27}}},"3":{"name":"(anonymous_3)","line":24,"loc":{"start":{"line":24,"column":28},"end":{"line":24,"column":44}}},"4":{"name":"(anonymous_4)","line":28,"loc":{"start":{"line":28,"column":28},"end":{"line":28,"column":40}}},"5":{"name":"(anonymous_5)","line":32,"loc":{"start":{"line":32,"column":24},"end":{"line":32,"column":36}}}},"statementMap":{"1":{"start":{"line":1,"column":0},"end":{"line":1,"column":26}},"2":{"start":{"line":2,"column":0},"end":{"line":2,"column":48}},"3":{"start":{"line":3,"column":0},"end":{"line":3,"column":52}},"4":{"start":{"line":5,"column":0},"end":{"line":7,"column":1}},"5":{"start":{"line":6,"column":4},"end":{"line":6,"column":28}},"6":{"start":{"line":9,"column":0},"end":{"line":9,"column":25}},"7":{"start":{"line":11,"column":0},"end":{"line":11,"column":36}},"8":{"start":{"line":13,"column":0},"end":{"line":22,"column":2}},"9":{"start":{"line":14,"column":4},"end":{"line":14,"column":20}},"10":{"start":{"line":15,"column":4},"end":{"line":15,"column":33}},"11":{"start":{"line":17,"column":4},"end":{"line":19,"column":5}},"12":{"start":{"line":18,"column":8},"end":{"line":18,"column":37}},"13":{"start":{"line":24,"column":0},"end":{"line":26,"column":2}},"14":{"start":{"line":25,"column":4},"end":{"line":25,"column":22}},"15":{"start":{"line":28,"column":0},"end":{"line":30,"column":2}},"16":{"start":{"line":29,"column":4},"end":{"line":29,"column":22}},"17":{"start":{"line":32,"column":0},"end":{"line":34,"column":2}},"18":{"start":{"line":33,"column":4},"end":{"line":33,"column":55}}},"branchMap":{"1":{"line":17,"type":"if","locations":[{"start":{"line":17,"column":4},"end":{"line":17,"column":4}},{"start":{"line":17,"column":4},"end":{"line":17,"column":4}}]},"2":{"line":17,"type":"binary-expr","locations":[{"start":{"line":17,"column":8},"end":{"line":17,"column":33}},{"start":{"line":17,"column":37},"end":{"line":17,"column":85}}]}}}}