TN:
SF:D:\work\node\tests\node_modules\bitvice-osi\index.js
FNF:0
FNH:0
DA:1,1
DA:2,1
DA:3,1
DA:5,1
DA:7,1
DA:8,1
DA:9,1
LF:7
LH:7
BRF:0
BRH:0
end_of_record
TN:
SF:D:\work\node\tests\node_modules\bitvice-osi\lib\service-consumer.js
FN:5,ServiceConsumer
FN:14,(anonymous_2)
FN:24,(anonymous_3)
FN:30,(anonymous_4)
FN:34,(anonymous_5)
FN:38,(anonymous_6)
FN:49,(anonymous_7)
FNF:7
FNH:3
FNDA:1,ServiceConsumer
FNDA:1,(anonymous_2)
FNDA:2,(anonymous_3)
FNDA:0,(anonymous_4)
FNDA:0,(anonymous_5)
FNDA:0,(anonymous_6)
FNDA:0,(anonymous_7)
DA:1,1
DA:2,1
DA:3,1
DA:5,1
DA:6,1
DA:9,1
DA:11,1
DA:12,1
DA:14,1
DA:15,1
DA:17,1
DA:19,1
DA:20,0
DA:23,1
DA:24,1
DA:25,2
DA:30,1
DA:31,0
DA:34,1
DA:35,0
DA:38,1
DA:39,0
DA:40,0
DA:42,0
DA:44,0
DA:45,0
DA:49,1
DA:50,0
LF:28
LH:19
BRDA:19,1,0,0
BRDA:19,1,1,1
BRDA:19,2,0,1
BRDA:19,2,1,1
BRDA:23,3,0,1
BRDA:23,3,1,0
BRDA:44,4,0,0
BRDA:44,4,1,0
BRF:8
BRH:4
end_of_record
TN:
SF:D:\work\node\tests\node_modules\bitvice-osi\lib\service-provider.js
FN:9,(anonymous_1)
FN:22,(anonymous_2)
FN:31,(anonymous_3)
FN:37,(anonymous_4)
FNF:4
FNH:2
FNDA:2,(anonymous_1)
FNDA:2,(anonymous_2)
FNDA:0,(anonymous_3)
FNDA:0,(anonymous_4)
DA:1,1
DA:2,1
DA:4,1
DA:6,1
DA:7,1
DA:9,1
DA:10,2
DA:11,0
DA:12,0
DA:15,2
DA:16,2
DA:19,2
DA:22,1
DA:23,2
DA:25,2
DA:26,2
DA:28,2
DA:30,2
DA:31,0
DA:32,0
DA:37,1
DA:38,0
LF:22
LH:17
BRDA:10,1,0,0
BRDA:10,1,1,2
BRDA:15,2,0,2
BRDA:15,2,1,0
BRDA:30,3,0,0
BRDA:30,3,1,2
BRF:6
BRH:3
end_of_record
TN:
SF:D:\work\node\tests\node_modules\bitvice-osi\lib\service-base.js
FN:5,Service
FN:13,(anonymous_2)
FN:24,(anonymous_3)
FN:28,(anonymous_4)
FN:32,(anonymous_5)
FNF:5
FNH:3
FNDA:2,Service
FNDA:2,(anonymous_2)
FNDA:2,(anonymous_3)
FNDA:0,(anonymous_4)
FNDA:0,(anonymous_5)
DA:1,1
DA:2,1
DA:3,1
DA:5,1
DA:6,2
DA:9,1
DA:11,1
DA:13,1
DA:14,2
DA:15,2
DA:17,2
DA:18,2
DA:24,1
DA:25,2
DA:28,1
DA:29,0
DA:32,1
DA:33,0
LF:18
LH:16
BRDA:17,1,0,2
BRDA:17,1,1,0
BRDA:17,2,0,2
BRDA:17,2,1,0
BRF:4
BRH:2
end_of_record
